Unity Editor version:    2021.3.23f1 (213b516bf396)
Branch:                  2021.3/staging
Build type:              Release
Batch mode:              YES
macOS version:           Version 12.7 (Build 21G816)
Darwin version:          21.6.0
Architecture:            x86_64
Running under Rosetta:   NO
Available memory:        16384 MB
Using pre-set license
Pro License: YES

COMMAND LINE ARGUMENTS:
/Applications/Unity/Unity.app/Contents/MacOS/Unity
-adb2
-batchMode
-noUpm
-name
AssetImportWorker0
-projectPath
/Users/binwen/Documents/xwbops/GoProjects/game-server/src/mmo_game/mmo_demo_unity3d
-logFile
Logs/AssetImportWorker0.log
-srvPort
60097
Successfully changed project path to: /Users/binwen/Documents/xwbops/GoProjects/game-server/src/mmo_game/mmo_demo_unity3d
/Users/binwen/Documents/xwbops/GoProjects/game-server/src/mmo_game/mmo_demo_unity3d
[UnityMemory] Configuration Parameters - Can be set up in boot.config
    "memorysetup-bucket-allocator-granularity=16"
    "memorysetup-bucket-allocator-bucket-count=8"
    "memorysetup-bucket-allocator-block-size=33554432"
    "memorysetup-bucket-allocator-block-count=8"
    "memorysetup-main-allocator-block-size=16777216"
    "memorysetup-thread-allocator-block-size=16777216"
    "memorysetup-gfx-main-allocator-block-size=16777216"
    "memorysetup-gfx-thread-allocator-block-size=16777216"
    "memorysetup-cache-allocator-block-size=4194304"
    "memorysetup-typetree-allocator-block-size=2097152"
    "memorysetup-profiler-bucket-allocator-granularity=16"
    "memorysetup-profiler-bucket-allocator-bucket-count=8"
    "memorysetup-profiler-bucket-allocator-block-size=33554432"
    "memorysetup-profiler-bucket-allocator-block-count=8"
    "memorysetup-profiler-allocator-block-size=16777216"
    "memorysetup-profiler-editor-allocator-block-size=1048576"
    "memorysetup-temp-allocator-size-main=16777216"
    "memorysetup-job-temp-allocator-block-size=2097152"
    "memorysetup-job-temp-allocator-block-size-background=1048576"
    "memorysetup-job-temp-allocator-reduction-small-platforms=262144"
    "memorysetup-temp-allocator-size-background-worker=32768"
    "memorysetup-temp-allocator-size-job-worker=262144"
    "memorysetup-temp-allocator-size-preload-manager=33554432"
    "memorysetup-temp-allocator-size-nav-mesh-worker=65536"
    "memorysetup-temp-allocator-size-audio-worker=65536"
    "memorysetup-temp-allocator-size-cloud-worker=32768"
    "memorysetup-temp-allocator-size-gi-baking-worker=262144"
    "memorysetup-temp-allocator-size-gfx=262144"
Player connection [4680668672] Host "[IP] 192.168.101.151 [Port] 0 [Flags] 2 [Guid] 3682700774 [EditorId] 3682700774 [Version] 1048832 [Id] OSXEditor(0,bindeMac-mini.local) [Debug] 1 [PackageName] OSXEditor [ProjectName] Editor" joined multi-casting on [225.0.0.222:54997]...

Player connection [4680668672] Host "[IP] 192.168.101.151 [Port] 0 [Flags] 2 [Guid] 3682700774 [EditorId] 3682700774 [Version] 1048832 [Id] OSXEditor(0,bindeMac-mini.local) [Debug] 1 [PackageName] OSXEditor [ProjectName] Editor" joined alternative multi-casting on [225.0.0.222:34997]...

Cannot set VR devices because the platform passed isn't supported by Unity.
Cannot set VR devices because the platform passed isn't supported by Unity.
Cannot set VR devices because the platform passed isn't supported by Unity.
Cannot set VR devices because the platform passed isn't supported by Unity.
Cannot set VR devices because the platform passed isn't supported by Unity.
Cannot set VR devices because the platform passed isn't supported by Unity.
Cannot set VR devices because the platform passed isn't supported by Unity.
Cannot set VR devices because the platform passed isn't supported by Unity.
Cannot set VR devices because the platform passed isn't supported by Unity.
Cannot set VR devices because the platform passed isn't supported by Unity.
Cannot set VR devices because the platform passed isn't supported by Unity.
Refreshing native plugins compatible for Editor in 79.59 ms, found 2 plugins.
Preloading 0 native plugins for Editor in 0.00 ms.
Initialize engine version: 2021.3.23f1 (213b516bf396)
[Subsystems] Discovering subsystems at path /Applications/Unity/Unity.app/Contents/Resources/UnitySubsystems
[Subsystems] Discovering subsystems at path /Users/binwen/Documents/xwbops/GoProjects/game-server/src/mmo_game/mmo_demo_unity3d/Assets
GfxDevice: creating device client; threaded=0; jobified=0
DELL S2719HS preferred device: Intel(R) UHD Graphics 630 (low power)
Metal devices available: 1
0: Intel(R) UHD Graphics 630 (low power)
Using device Intel(R) UHD Graphics 630 (low power)
Initializing Metal device caps: Intel(R) UHD Graphics 630
Initialize mono
Mono path[0] = '/Applications/Unity/Unity.app/Contents/Managed'
Mono path[1] = '/Applications/Unity/Unity.app/Contents/MonoBleedingEdge/lib/mono/unityjit-macos'
Mono config path = '/Applications/Unity/Unity.app/Contents/MonoBleedingEdge/etc'
Using monoOptions --debugger-agent=transport=dt_socket,embedding=1,server=y,suspend=n,address=127.0.0.1:56134
Begin MonoManager ReloadAssembly
Registering precompiled unity dll's ...
Register platform support module: /Applications/Unity/Unity.app/Contents/PlaybackEngines/MacStandaloneSupport/UnityEditor.OSXStandalone.Extensions.dll
Registered in 0.000510 seconds.
Native extension for OSXStandalone target not found
Refreshing native plugins compatible for Editor in 68.59 ms, found 2 plugins.
Preloading 0 native plugins for Editor in 0.00 ms.
Mono: successfully reloaded assembly
- Completed reload, in  0.768 seconds
Domain Reload Profiling:
	ReloadAssembly (768ms)
		BeginReloadAssembly (113ms)
			ExecutionOrderSort (0ms)
			DisableScriptedObjects (0ms)
			BackupInstance (0ms)
			ReleaseScriptingObjects (0ms)
			CreateAndSetChildDomain (1ms)
		EndReloadAssembly (528ms)
			LoadAssemblies (113ms)
			RebuildTransferFunctionScriptingTraits (0ms)
			SetupTypeCache (150ms)
			ReleaseScriptCaches (0ms)
			RebuildScriptCaches (37ms)
			SetupLoadedEditorAssemblies (286ms)
				LogAssemblyErrors (0ms)
				InitializePlatformSupportModulesInManaged (7ms)
				SetLoadedEditorAssemblies (0ms)
				RefreshPlugins (69ms)
				BeforeProcessingInitializeOnLoad (2ms)
				ProcessInitializeOnLoadAttributes (156ms)
				ProcessInitializeOnLoadMethodAttributes (52ms)
				AfterProcessingInitializeOnLoad (0ms)
				EditorAssembliesLoaded (0ms)
			ExecutionOrderSort2 (0ms)
			AwakeInstancesAfterBackupRestoration (0ms)
Platform modules already initialized, skipping
Registering precompiled user dll's ...
Registered in 0.001524 seconds.
Begin MonoManager ReloadAssembly
Symbol file LoadedFromMemory doesn't match image /Users/binwen/Documents/xwbops/GoProjects/game-server/src/mmo_game/mmo_demo_unity3d/Library/PackageCache/com.unity.visualscripting@1.8.0/Editor/VisualScripting.Core/Dependencies/YamlDotNet/Unity.VisualScripting.YamlDotNet.dll
Symbol file LoadedFromMemory is not a mono symbol file
Symbol file LoadedFromMemory doesn't match image /Users/binwen/Documents/xwbops/GoProjects/game-server/src/mmo_game/mmo_demo_unity3d/Library/PackageCache/com.unity.visualscripting@1.8.0/Editor/VisualScripting.Core/Dependencies/DotNetZip/Unity.VisualScripting.IonicZip.dll
Native extension for OSXStandalone target not found
Refreshing native plugins compatible for Editor in 0.45 ms, found 2 plugins.
Preloading 0 native plugins for Editor in 0.00 ms.
Mono: successfully reloaded assembly
- Completed reload, in  1.014 seconds
Domain Reload Profiling:
	ReloadAssembly (1015ms)
		BeginReloadAssembly (120ms)
			ExecutionOrderSort (0ms)
			DisableScriptedObjects (6ms)
			BackupInstance (0ms)
			ReleaseScriptingObjects (0ms)
			CreateAndSetChildDomain (22ms)
		EndReloadAssembly (776ms)
			LoadAssemblies (82ms)
			RebuildTransferFunctionScriptingTraits (0ms)
			SetupTypeCache (266ms)
			ReleaseScriptCaches (1ms)
			RebuildScriptCaches (58ms)
			SetupLoadedEditorAssemblies (338ms)
				LogAssemblyErrors (0ms)
				InitializePlatformSupportModulesInManaged (4ms)
				SetLoadedEditorAssemblies (1ms)
				RefreshPlugins (0ms)
				BeforeProcessingInitializeOnLoad (62ms)
				ProcessInitializeOnLoadAttributes (247ms)
				ProcessInitializeOnLoadMethodAttributes (23ms)
				AfterProcessingInitializeOnLoad (1ms)
				EditorAssembliesLoaded (0ms)
			ExecutionOrderSort2 (0ms)
			AwakeInstancesAfterBackupRestoration (4ms)
Platform modules already initialized, skipping
========================================================================
Worker process is ready to serve import requests
Cannot set VR devices because the platform passed isn't supported by Unity.
Cannot set VR devices because the platform passed isn't supported by Unity.
Cannot set VR devices because the platform passed isn't supported by Unity.
Cannot set VR devices because the platform passed isn't supported by Unity.
Cannot set VR devices because the platform passed isn't supported by Unity.
Cannot set VR devices because the platform passed isn't supported by Unity.
Cannot set VR devices because the platform passed isn't supported by Unity.
Cannot set VR devices because the platform passed isn't supported by Unity.
Cannot set VR devices because the platform passed isn't supported by Unity.
Cannot set VR devices because the platform passed isn't supported by Unity.
Cannot set VR devices because the platform passed isn't supported by Unity.
Launching external process: /Applications/Unity/Unity.app/Contents/Tools/UnityShaderCompiler
Launched and connected shader compiler UnityShaderCompiler after 0.06 seconds
Refreshing native plugins compatible for Editor in 0.46 ms, found 2 plugins.
Preloading 0 native plugins for Editor in 0.00 ms.
Unloading 2933 Unused Serialized files (Serialized files now loaded: 0)
Unloading 23 unused Assets / (40.5 KB). Loaded Objects now: 3409.
Memory consumption went from 112.3 MB to 112.3 MB.
Total: 2.984539 ms (FindLiveObjects: 0.217700 ms CreateObjectMapping: 0.174017 ms MarkObjects: 2.512650 ms  DeleteObjects: 0.079457 ms)

AssetImportParameters requested are different than current active one (requested -> active):
  custom:video-decoder-ogg-theora: a1e56fd34408186e4bbccfd4996cb3dc -> 
  custom:container-muxer-webm: aa71ff27fc2769a1b78a27578f13a17b -> 
  custom:container-demuxer-webm: 4f35f7cbe854078d1ac9338744f61a02 -> 
  custom:video-encoder-webm-vp8: eb34c28f22e8b96e1ab97ce403110664 -> 
  custom:framework-osx-AVFoundation: e770b220cccbd017edd2c1fefb359320 -> 
  custom:audio-encoder-webm-vorbis: bf7c407c2cedff20999df2af8eb42d56 -> 
  custom:container-demuxer-ogg: 62fdf1f143b41e24485cea50d1cbac27 -> 
  custom:video-decoder-webm-vp8: 9c59270c3fd7afecdb556c50c9e8de78 -> 
  custom:audio-decoder-ogg-vorbis: bf7c407c2cedff20999df2af8eb42d56 -> 
========================================================================
Received Import Request.
  Time since last request: 31441.574960 seconds.
  path: Assets/New Terrain.asset
  artifactKey: Guid(878aad851adc83a43a8e1ab087cb44a8) Importer(815301076,1909f56bfc062723c751e8b465ee728b)
Start importing Assets/New Terrain.asset using Guid(878aad851adc83a43a8e1ab087cb44a8) Importer(815301076,1909f56bfc062723c751e8b465ee728b)  -> (artifact id: '59293793cfe483df7da7cc268ebaa859') in 0.706922 seconds 
========================================================================
Received Import Request.
  Time since last request: 33.029182 seconds.
  path: Assets/Resources
  artifactKey: Guid(f33d56f37aa5a6242a2a291cf48cfc16) Importer(815301076,1909f56bfc062723c751e8b465ee728b)
Start importing Assets/Resources using Guid(f33d56f37aa5a6242a2a291cf48cfc16) Importer(815301076,1909f56bfc062723c751e8b465ee728b)  -> (artifact id: '5eafb4241ae920a31baf1fcbeba282f4') in 0.000800 seconds 
========================================================================
Received Import Request.
  Time since last request: 1.601824 seconds.
  path: Assets/Resources/16_1.prefab
  artifactKey: Guid(c8ec3bc2cd5a7f3429130938ff701560) Importer(815301076,1909f56bfc062723c751e8b465ee728b)
Start importing Assets/Resources/16_1.prefab using Guid(c8ec3bc2cd5a7f3429130938ff701560) Importer(815301076,1909f56bfc062723c751e8b465ee728b)  -> (artifact id: '839388c9e3bdbe5b03c1e1c07005ee26') in 0.237034 seconds 
========================================================================
Received Import Request.
  Time since last request: 1.059751 seconds.
  path: Assets/Resources/16_2.prefab
  artifactKey: Guid(b825d79985b823142b3e761008e6b74a) Importer(815301076,1909f56bfc062723c751e8b465ee728b)
Start importing Assets/Resources/16_2.prefab using Guid(b825d79985b823142b3e761008e6b74a) Importer(815301076,1909f56bfc062723c751e8b465ee728b)  -> (artifact id: '48279d7bbdd754082cf4aca326d1bd46') in 0.020198 seconds 
========================================================================
Received Import Request.
  Time since last request: 0.867672 seconds.
  path: Assets/Resources/Name.prefab
  artifactKey: Guid(d7e6cc64a10c56743a496d99943f24a7) Importer(815301076,1909f56bfc062723c751e8b465ee728b)
Start importing Assets/Resources/Name.prefab using Guid(d7e6cc64a10c56743a496d99943f24a7) Importer(815301076,1909f56bfc062723c751e8b465ee728b)  -> (artifact id: '88c35b5968cb223ed5447d6a9203e4c7') in 0.007066 seconds 
========================================================================
Received Import Request.
  Time since last request: 11.879087 seconds.
  path: Assets/Prefabs
  artifactKey: Guid(ecd0a8db6b96b9247995cbf239e27ac2) Importer(815301076,1909f56bfc062723c751e8b465ee728b)
Start importing Assets/Prefabs using Guid(ecd0a8db6b96b9247995cbf239e27ac2) Importer(815301076,1909f56bfc062723c751e8b465ee728b)  -> (artifact id: '148b5d5d330b2541180ec6581f8e06ea') in 0.001082 seconds 
========================================================================
Received Import Request.
  Time since last request: 0.788082 seconds.
  path: Assets/Prefabs/Game.prefab
  artifactKey: Guid(f85a0412748a8ae4995977b09b76ea33) Importer(815301076,1909f56bfc062723c751e8b465ee728b)
Start importing Assets/Prefabs/Game.prefab using Guid(f85a0412748a8ae4995977b09b76ea33) Importer(815301076,1909f56bfc062723c751e8b465ee728b)  -> (artifact id: '5a5d5e82397f631f246c589aebe16cc4') in 0.002859 seconds 
========================================================================
Received Import Request.
  Time since last request: 24.789034 seconds.
  path: Packages/com.unity.ext.nunit
  artifactKey: Guid(25a477c2f24db8778a4179421a32cc21) Importer(815301076,1909f56bfc062723c751e8b465ee728b)
Start importing Packages/com.unity.ext.nunit using Guid(25a477c2f24db8778a4179421a32cc21) Importer(815301076,1909f56bfc062723c751e8b465ee728b)  -> (artifact id: 'bef33f36b89a5a284746f1bc5605769f') in 0.001399 seconds 
========================================================================
Received Import Request.
  Time since last request: 3.856823 seconds.
  path: Assets/Scene
  artifactKey: Guid(f4dc65aac43738848af277bc2a8f4ca9) Importer(815301076,1909f56bfc062723c751e8b465ee728b)
Start importing Assets/Scene using Guid(f4dc65aac43738848af277bc2a8f4ca9) Importer(815301076,1909f56bfc062723c751e8b465ee728b)  -> (artifact id: '74203dcdf4b2bbf0b1777d887412db3d') in 0.000965 seconds 
========================================================================
Received Import Request.
  Time since last request: 67.610548 seconds.
  path: Assets/Scripts
  artifactKey: Guid(a0371232d120f594b86878f9b6e82f6f) Importer(815301076,1909f56bfc062723c751e8b465ee728b)
Start importing Assets/Scripts using Guid(a0371232d120f594b86878f9b6e82f6f) Importer(815301076,1909f56bfc062723c751e8b465ee728b)  -> (artifact id: '29e0b2a8428befb9bcff05cbe5c9b462') in 0.000918 seconds 
========================================================================
Received Import Request.
  Time since last request: 5.025628 seconds.
  path: Assets/Scripts/Data
  artifactKey: Guid(966f281dc5c63254b800ceab98af1f39) Importer(815301076,1909f56bfc062723c751e8b465ee728b)
Start importing Assets/Scripts/Data using Guid(966f281dc5c63254b800ceab98af1f39) Importer(815301076,1909f56bfc062723c751e8b465ee728b)  -> (artifact id: 'f52b1a014f9c5b06d98812c57f232271') in 0.001044 seconds 
========================================================================
Received Import Request.
  Time since last request: 1.841600 seconds.
  path: Assets/Scripts/Data/Msg.cs
  artifactKey: Guid(2bc0c319fc09968498b77bdc8449640a) Importer(815301076,1909f56bfc062723c751e8b465ee728b)
Start importing Assets/Scripts/Data/Msg.cs using Guid(2bc0c319fc09968498b77bdc8449640a) Importer(815301076,1909f56bfc062723c751e8b465ee728b)  -> (artifact id: '42446d0804783c6282f8092bcccda0c4') in 0.261142 seconds 
